(---------------------------------------------------------------------)
(                                                                     )
(    DRC Update                                                       )
(                                                                     )
(    Drawing          : st-link-v2_pro_opt.brd                        )
(    Software Version : 17.4S035                                      )
(    Date/Time        : Wed Dec 13 15:26:55 2023                      )
(                                                                     )
(---------------------------------------------------------------------)


 ========= check shapes                       0:00:00
 ========= check standalone pins              0:00:00
 ========= check symbols (pins,lines,text)    0:00:00
 ========= check xnets                        0:00:00
 ========= check nets                         0:00:00
 ========= check standalone branches          0:00:00
 ========= check standalone filled rectangles 0:00:00
 ========= check standalone lines             0:00:00
 ========= check standalone text              0:00:00
 ========= check standalone rectangles        0:00:00

 ..... Total number of DRC errors  87

 ..... DRC update completed, total CPU time   0:00:00
 *************************************************************************

