(---------------------------------------------------------------------)
(                                                                     )
(    ARTWORK LOG                                                      )
(                                                                     )
(    Drawing          : st-link-v2_pro.brd                            )
(    Software Version : 17.4S035                                      )
(    Date/Time        : Sun Nov 26 23:08:06 2023                      )
(                                                                     )
(---------------------------------------------------------------------)



 ******************************************
 WARNING: DRC OUT OF DATE on this layout.
 ******************************************

 ---- Photoplot outline rectangle not found; using drawing extents.



Results from parameter file ...
    DEVICE-TYPE           GERBER_RS274X
    OUTPUT-UNITS          INCHES
    FILM-SIZE             2400000 1600000
    FORMAT                5.5
    ABORT-ON-ERROR        NO
    SCALE                 1
    SUPPRESS-LEAD-ZEROES  YES
    SUPPRESS-TRAIL-ZEROES NO
    SUPPRESS-EQUAL        YES
    UNDEF-APT-CONT        NO



================================================================
     PROCESSING FILM < TOP >
     TO FILE < F:/ST-LINK-V2/Hardware/allegro/TOP.art > ...
================================================================

  FILM PARAMETERS :
  ---------------------------------------------------------
  Undefined line width                6.00 MIL
  Mirror code                         NONE
  Rotate angle                        NONE
  Offset x:                           0.00
  Offset y:                           0.00
  Plot negative                       NO
  Suppress unconnected internal pads  NO
  Draw holes only                     NO



  APERTURES USED (UNIT = IN):
  ---------------------------------------------------------
  TYPE       SIZE/NAME                   ROT   MIRROR MODE 
  ---------------------------------------------------------
  CIRCLE     0.00600                                  DARK 
  CIRCLE     0.01000                                  DARK 
  CIRCLE     0.02000                                  DARK 
  CIRCLE     0.02362                                  DARK 
  CIRCLE     0.02559                                  DARK 
  CIRCLE     0.03000                                  DARK 
  CIRCLE     0.03937                                  DARK 
  CIRCLE     0.06220                                  DARK 
  CIRCLE     0.06496                                  DARK 
  CIRCLE     0.09449                                  DARK 
  SQUARE     0.06220                     0.000 NO     DARK 
  SQUARE     0.06496                     0.000 NO     DARK 
  RECTANGLE  0.01181     x 0.04488      90.000 NO     DARK 
  RECTANGLE  0.01350     x 0.01543       0.000 NO     DARK 
  RECTANGLE  0.01969     x 0.04488      90.000 NO     DARK 
  OBLONG     0.03937     x 0.07874      90.000 NO     DARK 
  PAD SHAPE  ROUNDED_RECTANGLE ,787.00   0.000 NO     DARK 
  PAD SHAPE  ROUNDED_RECTANGLE ,787.00   0.000 NO     DARK 
  PAD SHAPE  ROUNDED_RECTANGLE ,547.00   0.000 NO     DARK 
  PAD SHAPE  ROUNDED_RECTANGLE ,492.00   0.000 NO     DARK 
  PAD SHAPE  ROUNDED_RECTANGLE ,492.00   0.000 NO     DARK 
  PAD SHAPE  ROUNDED_RECTANGLE ,217.00   0.000 NO     DARK 
  PAD SHAPE  ROUNDED_RECTANGLE ,658.00   0.000 NO     DARK 
  PAD SHAPE  ROUNDED_RECTANGLE ,567.00   0.000 NO     DARK 
  PAD SHAPE  ROUNDED_RECTANGLE ,787.00  90.000 NO     DARK 
  PAD SHAPE  ROUNDED_RECTANGLE ,787.00  90.000 NO     DARK 
  PAD SHAPE  ROUNDED_RECTANGLE ,618.00  90.000 NO     DARK 
  PAD SHAPE  ROUNDED_RECTANGLE ,217.00  90.000 NO     DARK 
  PAD SHAPE  ROUNDED_RECTANGLE ,787.00 180.000 NO     DARK 
  PAD SHAPE  ROUNDED_RECTANGLE ,787.00 180.000 NO     DARK 
  PAD SHAPE  ROUNDED_RECTANGLE ,492.00 180.000 NO     DARK 
  PAD SHAPE  ROUNDED_RECTANGLE ,492.00 180.000 NO     DARK 
  PAD SHAPE  ROUNDED_RECTANGLE ,567.00 180.000 NO     DARK 
  PAD SHAPE  ROUNDED_RECTANGLE ,547.00 180.000 NO     DARK 
  PAD SHAPE  ROUNDED_RECTANGLE ,658.00 180.000 NO     DARK 
  PAD SHAPE  ROUNDED_RECTANGLE ,217.00 180.000 NO     DARK 
  PAD SHAPE  ROUNDED_RECTANGLE ,787.00 270.000 NO     DARK 
  PAD SHAPE  ROUNDED_RECTANGLE ,217.00 270.000 NO     DARK 
  PAD SHAPE  ROUNDED_RECTANGLE ,787.00 270.000 NO     DARK 
  PAD SHAPE  ROUNDED_RECTANGLE ,618.00 270.000 NO     DARK 

     TOP created with warnings


================================================================
     PROCESSING FILM < BOTTOM >
     TO FILE < F:/ST-LINK-V2/Hardware/allegro/BOTTOM.art > ...
================================================================

  FILM PARAMETERS :
  ---------------------------------------------------------
  Undefined line width                6.00 MIL
  Mirror code                         NONE
  Rotate angle                        NONE
  Offset x:                           0.00
  Offset y:                           0.00
  Plot negative                       NO
  Suppress unconnected internal pads  NO
  Draw holes only                     NO



  APERTURES USED (UNIT = IN):
  ---------------------------------------------------------
  TYPE       SIZE/NAME                   ROT   MIRROR MODE 
  ---------------------------------------------------------
  CIRCLE     0.00600                                  DARK 
  CIRCLE     0.01000                                  DARK 
  CIRCLE     0.01200                                  DARK 
  CIRCLE     0.02000                                  DARK 
  CIRCLE     0.02362                                  DARK 
  CIRCLE     0.02559                                  DARK 
  CIRCLE     0.06220                                  DARK 
  CIRCLE     0.06496                                  DARK 
  CIRCLE     0.09449                                  DARK 
  SQUARE     0.06220                     0.000 NO     DARK 
  SQUARE     0.06496                     0.000 NO     DARK 
  OBLONG     0.03937     x 0.07874      90.000 NO     DARK 

     BOTTOM created with warnings


================================================================
     PROCESSING FILM < PASTEMASK_TOP >
     TO FILE < F:/ST-LINK-V2/Hardware/allegro/PASTEMASK_TOP.art > ...
================================================================

  FILM PARAMETERS :
  ---------------------------------------------------------
  Undefined line width                6.00 MIL
  Mirror code                         NONE
  Rotate angle                        NONE
  Offset x:                           0.00
  Offset y:                           0.00
  Plot negative                       NO
  Suppress unconnected internal pads  NO
  Draw holes only                     NO



  APERTURES USED (UNIT = IN):
  ---------------------------------------------------------
  TYPE       SIZE/NAME                   ROT   MIRROR MODE 
  ---------------------------------------------------------
  CIRCLE     0.00600                                  DARK 
  CIRCLE     0.03937                                  DARK 
  RECTANGLE  0.01181     x 0.04488      90.000 NO     DARK 
  RECTANGLE  0.01350     x 0.01543       0.000 NO     DARK 
  RECTANGLE  0.01969     x 0.04488      90.000 NO     DARK 
  OBLONG     0.03937     x 0.07874      90.000 NO     DARK 
  PAD SHAPE  ROUNDED_RECTANGLE ,787.00   0.000 NO     DARK 
  PAD SHAPE  ROUNDED_RECTANGLE ,787.00   0.000 NO     DARK 
  PAD SHAPE  ROUNDED_RECTANGLE ,567.00   0.000 NO     DARK 
  PAD SHAPE  ROUNDED_RECTANGLE ,547.00   0.000 NO     DARK 
  PAD SHAPE  ROUNDED_RECTANGLE ,492.00   0.000 NO     DARK 
  PAD SHAPE  ROUNDED_RECTANGLE ,492.00   0.000 NO     DARK 
  PAD SHAPE  ROUNDED_RECTANGLE ,217.00   0.000 NO     DARK 
  PAD SHAPE  ROUNDED_RECTANGLE ,658.00   0.000 NO     DARK 
  PAD SHAPE  ROUNDED_RECTANGLE ,787.00  90.000 NO     DARK 
  PAD SHAPE  ROUNDED_RECTANGLE ,787.00  90.000 NO     DARK 
  PAD SHAPE  ROUNDED_RECTANGLE ,217.00  90.000 NO     DARK 
  PAD SHAPE  ROUNDED_RECTANGLE ,618.00  90.000 NO     DARK 
  PAD SHAPE  ROUNDED_RECTANGLE ,492.00 180.000 NO     DARK 
  PAD SHAPE  ROUNDED_RECTANGLE ,787.00 180.000 NO     DARK 
  PAD SHAPE  ROUNDED_RECTANGLE ,787.00 180.000 NO     DARK 
  PAD SHAPE  ROUNDED_RECTANGLE ,658.00 180.000 NO     DARK 
  PAD SHAPE  ROUNDED_RECTANGLE ,492.00 180.000 NO     DARK 
  PAD SHAPE  ROUNDED_RECTANGLE ,567.00 180.000 NO     DARK 
  PAD SHAPE  ROUNDED_RECTANGLE ,547.00 180.000 NO     DARK 
  PAD SHAPE  ROUNDED_RECTANGLE ,217.00 180.000 NO     DARK 
  PAD SHAPE  ROUNDED_RECTANGLE ,787.00 270.000 NO     DARK 
  PAD SHAPE  ROUNDED_RECTANGLE ,217.00 270.000 NO     DARK 
  PAD SHAPE  ROUNDED_RECTANGLE ,787.00 270.000 NO     DARK 
  PAD SHAPE  ROUNDED_RECTANGLE ,618.00 270.000 NO     DARK 

     PASTEMASK_TOP created with warnings


================================================================
     PROCESSING FILM < PASTEMASK_BOTTOM >
     TO FILE < F:/ST-LINK-V2/Hardware/allegro/PASTEMASK_BOTTOM.art > ...
================================================================

  FILM PARAMETERS :
  ---------------------------------------------------------
  Undefined line width                6.00 MIL
  Mirror code                         NONE
  Rotate angle                        NONE
  Offset x:                           0.00
  Offset y:                           0.00
  Plot negative                       NO
  Suppress unconnected internal pads  NO
  Draw holes only                     NO



  APERTURES USED (UNIT = IN):
  ---------------------------------------------------------
  TYPE       SIZE/NAME                   ROT   MIRROR MODE 
  ---------------------------------------------------------
  CIRCLE     0.00600                                  DARK 

     PASTEMASK_BOTTOM created with warnings


================================================================
     PROCESSING FILM < SOLDERMASK_TOP >
     TO FILE < F:/ST-LINK-V2/Hardware/allegro/SOLDERMASK_TOP.art > ...
================================================================

  FILM PARAMETERS :
  ---------------------------------------------------------
  Undefined line width                6.00 MIL
  Mirror code                         NONE
  Rotate angle                        NONE
  Offset x:                           0.00
  Offset y:                           0.00
  Plot negative                       NO
  Suppress unconnected internal pads  NO
  Draw holes only                     NO



  APERTURES USED (UNIT = IN):
  ---------------------------------------------------------
  TYPE       SIZE/NAME                   ROT   MIRROR MODE 
  ---------------------------------------------------------
  CIRCLE     0.00600                                  DARK 
  CIRCLE     0.02559                                  DARK 
  CIRCLE     0.06220                                  DARK 
  CIRCLE     0.06496                                  DARK 
  CIRCLE     0.07874                                  DARK 
  CIRCLE     0.09843                                  DARK 
  SQUARE     0.06220                     0.000 NO     DARK 
  SQUARE     0.06496                     0.000 NO     DARK 
  RECTANGLE  0.01350     x 0.01543       0.000 NO     DARK 
  OBLONG     0.04134     x 0.08071      90.000 NO     DARK 
  PAD SHAPE  ROUNDED_RECTANGLE ,787.00   0.000 NO     DARK 
  PAD SHAPE  ROUNDED_RECTANGLE ,787.00   0.000 NO     DARK 
  PAD SHAPE  ROUNDED_RECTANGLE ,567.00   0.000 NO     DARK 
  PAD SHAPE  ROUNDED_RECTANGLE ,547.00   0.000 NO     DARK 
  PAD SHAPE  ROUNDED_RECTANGLE ,217.00   0.000 NO     DARK 
  PAD SHAPE  ROUNDED_RECTANGLE ,658.00   0.000 NO     DARK 
  PAD SHAPE  ROUNDED_RECTANGLE ,492.00   0.000 NO     DARK 
  PAD SHAPE  ROUNDED_RECTANGLE ,492.00   0.000 NO     DARK 
  PAD SHAPE  ROUNDED_RECTANGLE ,787.00  90.000 NO     DARK 
  PAD SHAPE  ROUNDED_RECTANGLE ,618.00  90.000 NO     DARK 
  PAD SHAPE  ROUNDED_RECTANGLE ,787.00  90.000 NO     DARK 
  PAD SHAPE  ROUNDED_RECTANGLE ,217.00  90.000 NO     DARK 
  PAD SHAPE  ROUNDED_RECTANGLE ,787.00 180.000 NO     DARK 
  PAD SHAPE  ROUNDED_RECTANGLE ,492.00 180.000 NO     DARK 
  PAD SHAPE  ROUNDED_RECTANGLE ,567.00 180.000 NO     DARK 
  PAD SHAPE  ROUNDED_RECTANGLE ,658.00 180.000 NO     DARK 
  PAD SHAPE  ROUNDED_RECTANGLE ,217.00 180.000 NO     DARK 
  PAD SHAPE  ROUNDED_RECTANGLE ,787.00 180.000 NO     DARK 
  PAD SHAPE  ROUNDED_RECTANGLE ,492.00 180.000 NO     DARK 
  PAD SHAPE  ROUNDED_RECTANGLE ,547.00 180.000 NO     DARK 
  PAD SHAPE  ROUNDED_RECTANGLE ,787.00 270.000 NO     DARK 
  PAD SHAPE  ROUNDED_RECTANGLE ,787.00 270.000 NO     DARK 
  PAD SHAPE  ROUNDED_RECTANGLE ,525.00 270.000 NO     DARK 
  PAD SHAPE  ROUNDED_RECTANGLE ,525.00 270.000 NO     DARK 
  PAD SHAPE  ROUNDED_RECTANGLE ,217.00 270.000 NO     DARK 
  PAD SHAPE  ROUNDED_RECTANGLE ,618.00 270.000 NO     DARK 

     SOLDERMASK_TOP created with warnings


================================================================
     PROCESSING FILM < SOLDERMASK_BOTTOM >
     TO FILE < F:/ST-LINK-V2/Hardware/allegro/SOLDERMASK_BOTTOM.art > ...
================================================================

  FILM PARAMETERS :
  ---------------------------------------------------------
  Undefined line width                6.00 MIL
  Mirror code                         NONE
  Rotate angle                        NONE
  Offset x:                           0.00
  Offset y:                           0.00
  Plot negative                       NO
  Suppress unconnected internal pads  NO
  Draw holes only                     NO



  APERTURES USED (UNIT = IN):
  ---------------------------------------------------------
  TYPE       SIZE/NAME                   ROT   MIRROR MODE 
  ---------------------------------------------------------
  CIRCLE     0.00600                                  DARK 
  CIRCLE     0.02559                                  DARK 
  CIRCLE     0.06220                                  DARK 
  CIRCLE     0.06496                                  DARK 
  CIRCLE     0.09843                                  DARK 
  SQUARE     0.06220                     0.000 NO     DARK 
  SQUARE     0.06496                     0.000 NO     DARK 
  OBLONG     0.04134     x 0.08071      90.000 NO     DARK 

     SOLDERMASK_BOTTOM created with warnings


================================================================
     PROCESSING FILM < SILKSCREEN_TOP >
     TO FILE < F:/ST-LINK-V2/Hardware/allegro/SILKSCREEN_TOP.art > ...
================================================================

  FILM PARAMETERS :
  ---------------------------------------------------------
  Undefined line width                6.00 MIL
  Mirror code                         NONE
  Rotate angle                        NONE
  Offset x:                           0.00
  Offset y:                           0.00
  Plot negative                       NO
  Suppress unconnected internal pads  NO
  Draw holes only                     NO



  APERTURES USED (UNIT = IN):
  ---------------------------------------------------------
  TYPE       SIZE/NAME                   ROT   MIRROR MODE 
  ---------------------------------------------------------
  CIRCLE     0.00472                                  DARK 
  CIRCLE     0.00600                                  DARK 
  CIRCLE     0.00787                                  DARK 
  CIRCLE     0.00984                                  DARK 

     SILKSCREEN_TOP created with warnings


================================================================
     PROCESSING FILM < SILKSCREEN_BOTTOM >
     TO FILE < F:/ST-LINK-V2/Hardware/allegro/SILKSCREEN_BOTTOM.art > ...
================================================================

  FILM PARAMETERS :
  ---------------------------------------------------------
  Undefined line width                6.00 MIL
  Mirror code                         NONE
  Rotate angle                        NONE
  Offset x:                           0.00
  Offset y:                           0.00
  Plot negative                       NO
  Suppress unconnected internal pads  NO
  Draw holes only                     NO



  APERTURES USED (UNIT = IN):
  ---------------------------------------------------------
  TYPE       SIZE/NAME                   ROT   MIRROR MODE 
  ---------------------------------------------------------
  CIRCLE     0.00600                                  DARK 
  CIRCLE     0.00800                                  DARK 

     SILKSCREEN_BOTTOM created with warnings


================================================================
     PROCESSING FILM < DRILL >
     TO FILE < F:/ST-LINK-V2/Hardware/allegro/DRILL.art > ...
================================================================

  FILM PARAMETERS :
  ---------------------------------------------------------
  Undefined line width                6.00 MIL
  Mirror code                         NONE
  Rotate angle                        NONE
  Offset x:                           0.00
  Offset y:                           0.00
  Plot negative                       NO
  Suppress unconnected internal pads  NO
  Draw holes only                     NO

    WARNING: 0 width line found at (-1078.00 -2471.00) in MIL
           ... using undefined line width of 6.00 MIL

    WARNING: Multiple 0 width lines; all will be treated the same as the first.
           ... using undefined line width of 6.00 MIL

    WARNING: text composed 0 width line found at (-628.50 -1158.50) in MIL
           ... using undefined line width of 6.00 MIL

    WARNING: text having Multiple 0 width lines; all will be treated the same as the first.
           ... using undefined line width of 6.00 MIL



  APERTURES USED (UNIT = IN):
  ---------------------------------------------------------
  TYPE       SIZE/NAME                   ROT   MIRROR MODE 
  ---------------------------------------------------------
  CIRCLE     0.00600                                  DARK 

     DRILL created with warnings


================================================================
     PROCESSING FILM < OUTLINE >
     TO FILE < F:/ST-LINK-V2/Hardware/allegro/OUTLINE.art > ...
================================================================

  FILM PARAMETERS :
  ---------------------------------------------------------
  Undefined line width                6.00 MIL
  Mirror code                         NONE
  Rotate angle                        NONE
  Offset x:                           0.00
  Offset y:                           0.00
  Plot negative                       NO
  Suppress unconnected internal pads  NO
  Draw holes only                     NO



  APERTURES USED (UNIT = IN):
  ---------------------------------------------------------
  TYPE       SIZE/NAME                   ROT   MIRROR MODE 
  ---------------------------------------------------------
  CIRCLE     0.00600                                  DARK 

     OUTLINE created with warnings


------------------------------------------------------
 SUMMARY:
        TOP created with warnings
        BOTTOM created with warnings
        PASTEMASK_TOP created with warnings
        PASTEMASK_BOTTOM created with warnings
        SOLDERMASK_TOP created with warnings
        SOLDERMASK_BOTTOM created with warnings
        SILKSCREEN_TOP created with warnings
        SILKSCREEN_BOTTOM created with warnings
        DRILL created with warnings
        OUTLINE created with warnings

 ARTWORK had warnings
